[2025-05-12 15:37:47] [CMD]wwwwwwwwwlil 
[2025-05-12 15:37:48] peep[ENTER]

[2025-05-12 15:37:55] [CMD]twhere 
[2025-05-12 15:37:56] are 
[2025-05-12 15:37:56] u 
[2025-05-12 15:37:57] at[ENTER]

[2025-05-12 15:38:00] [CMD]ti 
[2025-05-12 15:38:00] love 
[2025-05-12 15:38:01] my 
[2025-05-12 15:38:02] girl 
[2025-05-12 15:38:03] friend 
[2025-05-12 15:38:05] brittany[ENTER]

[2025-05-12 15:38:08] [CMD]ttest[ENTER]

[2025-05-12 15:38:10] [CMD]wowah
[2025-05-12 15:38:35] [CMD]woa[ENTER]

[2025-05-12 15:38:39] [CMD]twoah[ENTER]

[2025-05-12 15:38:43] [CMD]w[CMD]twoah[ENTER]

[2025-05-12 15:38:50] [CMD]tschool[ENTER]

[2025-05-12 15:38:52] [CMD]trace 
[2025-05-12 15:38:54] conditions[ENTER]

